{"log":
 [{"message":
   ".> LEAN_PATH=././.lake/packages/Cli/.lake/build/lib/lean:././.lake/packages/batteries/.lake/build/lib/lean:././.lake/packages/Qq/.lake/build/lib/lean:././.lake/packages/aesop/.lake/build/lib/lean:././.lake/packages/proofwidgets/.lake/build/lib/lean:././.lake/packages/importGraph/.lake/build/lib/lean:././.lake/packages/LeanSearchClient/.lake/build/lib/lean:././.lake/packages/plausible/.lake/build/lib/lean:././.lake/packages/mathlib/.lake/build/lib/lean:././.lake/build/lib/lean /home/robert/.elan/toolchains/leanprover--lean4---v4.18.0-rc1/bin/lean -Dpp.unicode.fun=true -DautoImplicit=false -DrelaxedAutoImplicit=false ././././Problems/BirchSwinnertonDyer/Mordellweil.lean -R ./././. -o ././.lake/build/lib/lean/Problems/BirchSwinnertonDyer/Mordellweil.olean -i ././.lake/build/lib/lean/Problems/BirchSwinnertonDyer/Mordellweil.ilean -c ././.lake/build/ir/Problems/BirchSwinnertonDyer/Mordellweil.c --json",
   "level": "trace"},
  {"message":
   "././././Problems/BirchSwinnertonDyer/Mordellweil.lean:89:4: declaration uses 'sorry'",
   "level": "warning"},
  {"message":
   "././././Problems/BirchSwinnertonDyer/Mordellweil.lean:92:4: declaration uses 'sorry'",
   "level": "warning"},
  {"message":
   "././././Problems/BirchSwinnertonDyer/Mordellweil.lean:108:4: declaration uses 'sorry'",
   "level": "warning"},
  {"message":
   "././././Problems/BirchSwinnertonDyer/Mordellweil.lean:112:4: declaration uses 'sorry'",
   "level": "warning"},
  {"message":
   "././././Problems/BirchSwinnertonDyer/Mordellweil.lean:116:4: declaration uses 'sorry'",
   "level": "warning"},
  {"message":
   "././././Problems/BirchSwinnertonDyer/Mordellweil.lean:120:4: declaration uses 'sorry'",
   "level": "warning"},
  {"message":
   "././././Problems/BirchSwinnertonDyer/Mordellweil.lean:124:4: declaration uses 'sorry'",
   "level": "warning"},
  {"message":
   "././././Problems/BirchSwinnertonDyer/Mordellweil.lean:128:4: declaration uses 'sorry'",
   "level": "warning"},
  {"message":
   "././././Problems/BirchSwinnertonDyer/Mordellweil.lean:132:4: declaration uses 'sorry'",
   "level": "warning"},
  {"message":
   "././././Problems/BirchSwinnertonDyer/Mordellweil.lean:136:4: declaration uses 'sorry'",
   "level": "warning"},
  {"message":
   "././././Problems/BirchSwinnertonDyer/Mordellweil.lean:140:4: declaration uses 'sorry'",
   "level": "warning"},
  {"message":
   "././././Problems/BirchSwinnertonDyer/Mordellweil.lean:144:4: declaration uses 'sorry'",
   "level": "warning"},
  {"message":
   "././././Problems/BirchSwinnertonDyer/Mordellweil.lean:204:4: declaration uses 'sorry'",
   "level": "warning"},
  {"message":
   "././././Problems/BirchSwinnertonDyer/Mordellweil.lean:204:4: declaration uses 'sorry'",
   "level": "warning"},
  {"message":
   "././././Problems/BirchSwinnertonDyer/Mordellweil.lean:233:4: declaration uses 'sorry'",
   "level": "warning"},
  {"message":
   "././././Problems/BirchSwinnertonDyer/Mordellweil.lean:264:4: declaration uses 'sorry'",
   "level": "warning"},
  {"message":
   "././././Problems/BirchSwinnertonDyer/Mordellweil.lean:277:4: declaration uses 'sorry'",
   "level": "warning"},
  {"message":
   "././././Problems/BirchSwinnertonDyer/Mordellweil.lean:294:4: declaration uses 'sorry'",
   "level": "warning"}],
 "depHash": "17728622419626138805"}