{"log":
 [{"message":
   ".> LEAN_PATH=././.lake/packages/Cli/.lake/build/lib/lean:././.lake/packages/batteries/.lake/build/lib/lean:././.lake/packages/Qq/.lake/build/lib/lean:././.lake/packages/aesop/.lake/build/lib/lean:././.lake/packages/proofwidgets/.lake/build/lib/lean:././.lake/packages/importGraph/.lake/build/lib/lean:././.lake/packages/LeanSearchClient/.lake/build/lib/lean:././.lake/packages/plausible/.lake/build/lib/lean:././.lake/packages/mathlib/.lake/build/lib/lean:././.lake/build/lib/lean /home/robert/.elan/toolchains/leanprover--lean4---v4.18.0-rc1/bin/lean -Dpp.unicode.fun=true -DautoImplicit=false -DrelaxedAutoImplicit=false ././././Problems/Hodge/Variety.lean -R ./././. -o ././.lake/build/lib/lean/Problems/Hodge/Variety.olean -i ././.lake/build/lib/lean/Problems/Hodge/Variety.ilean -c ././.lake/build/ir/Problems/Hodge/Variety.c --json",
   "level": "trace"},
  {"message":
   "././././Problems/Hodge/Variety.lean:92:4: declaration uses 'sorry'",
   "level": "warning"},
  {"message":
   "././././Problems/Hodge/Variety.lean:106:4: declaration uses 'sorry'",
   "level": "warning"},
  {"message":
   "././././Problems/Hodge/Variety.lean:121:4: declaration uses 'sorry'",
   "level": "warning"},
  {"message":
   "././././Problems/Hodge/Variety.lean:132:4: declaration uses 'sorry'",
   "level": "warning"},
  {"message":
   "././././Problems/Hodge/Variety.lean:145:4: declaration uses 'sorry'",
   "level": "warning"},
  {"message":
   "././././Problems/Hodge/Variety.lean:158:4: declaration uses 'sorry'",
   "level": "warning"}],
 "depHash": "15154985524335602874"}